{"/home/ashok_singh/Desktop/BOT/Grid-Bot/bot.js": {"path":"/home/ashok_singh/Desktop/BOT/Grid-Bot/bot.js","statementMap":{"0":{"start":{"line":3,"column":8},"end":{"line":3,"column":19}},"1":{"start":{"line":4,"column":8},"end":{"line":4,"column":19}},"2":{"start":{"line":5,"column":8},"end":{"line":5,"column":31}},"3":{"start":{"line":6,"column":8},"end":{"line":6,"column":25}},"4":{"start":{"line":7,"column":8},"end":{"line":7,"column":25}},"5":{"start":{"line":8,"column":8},"end":{"line":8,"column":44}},"6":{"start":{"line":9,"column":8},"end":{"line":9,"column":44}},"7":{"start":{"line":10,"column":8},"end":{"line":10,"column":25}},"8":{"start":{"line":11,"column":8},"end":{"line":11,"column":25}},"9":{"start":{"line":16,"column":8},"end":{"line":16,"column":36}},"10":{"start":{"line":18,"column":26},"end":{"line":18,"column":38}},"11":{"start":{"line":19,"column":19},"end":{"line":19,"column":20}},"12":{"start":{"line":20,"column":8},"end":{"line":37,"column":9}},"13":{"start":{"line":20,"column":21},"end":{"line":20,"column":22}},"14":{"start":{"line":21,"column":12},"end":{"line":32,"column":13}},"15":{"start":{"line":22,"column":16},"end":{"line":22,"column":26}},"16":{"start":{"line":23,"column":16},"end":{"line":24,"column":30}},"17":{"start":{"line":24,"column":20},"end":{"line":24,"column":30}},"18":{"start":{"line":25,"column":19},"end":{"line":32,"column":13}},"19":{"start":{"line":26,"column":16},"end":{"line":26,"column":26}},"20":{"start":{"line":27,"column":16},"end":{"line":28,"column":30}},"21":{"start":{"line":28,"column":20},"end":{"line":28,"column":30}},"22":{"start":{"line":30,"column":16},"end":{"line":30,"column":52}},"23":{"start":{"line":31,"column":16},"end":{"line":31,"column":52}},"24":{"start":{"line":33,"column":12},"end":{"line":35,"column":13}},"25":{"start":{"line":34,"column":16},"end":{"line":34,"column":32}},"26":{"start":{"line":39,"column":8},"end":{"line":39,"column":31}},"27":{"start":{"line":46,"column":23},"end":{"line":46,"column":44}},"28":{"start":{"line":48,"column":20},"end":{"line":48,"column":31}},"29":{"start":{"line":49,"column":20},"end":{"line":49,"column":31}},"30":{"start":{"line":50,"column":18},"end":{"line":50,"column":20}},"31":{"start":{"line":51,"column":19},"end":{"line":51,"column":20}},"32":{"start":{"line":52,"column":8},"end":{"line":89,"column":7}},"33":{"start":{"line":53,"column":11},"end":{"line":53,"column":33}},"34":{"start":{"line":55,"column":8},"end":{"line":62,"column":9}},"35":{"start":{"line":56,"column":12},"end":{"line":56,"column":23}},"36":{"start":{"line":57,"column":12},"end":{"line":57,"column":21}},"37":{"start":{"line":58,"column":12},"end":{"line":60,"column":13}},"38":{"start":{"line":58,"column":25},"end":{"line":58,"column":26}},"39":{"start":{"line":59,"column":16},"end":{"line":59,"column":27}},"40":{"start":{"line":61,"column":12},"end":{"line":61,"column":27}},"41":{"start":{"line":63,"column":8},"end":{"line":68,"column":9}},"42":{"start":{"line":64,"column":12},"end":{"line":66,"column":13}},"43":{"start":{"line":64,"column":25},"end":{"line":64,"column":26}},"44":{"start":{"line":65,"column":16},"end":{"line":65,"column":27}},"45":{"start":{"line":67,"column":12},"end":{"line":67,"column":27}},"46":{"start":{"line":69,"column":8},"end":{"line":88,"column":9}},"47":{"start":{"line":70,"column":12},"end":{"line":87,"column":13}},"48":{"start":{"line":70,"column":33},"end":{"line":70,"column":44}},"49":{"start":{"line":72,"column":16},"end":{"line":86,"column":17}},"50":{"start":{"line":73,"column":20},"end":{"line":76,"column":35}},"51":{"start":{"line":74,"column":24},"end":{"line":74,"column":35}},"52":{"start":{"line":76,"column":24},"end":{"line":76,"column":35}},"53":{"start":{"line":77,"column":20},"end":{"line":78,"column":35}},"54":{"start":{"line":77,"column":33},"end":{"line":77,"column":34}},"55":{"start":{"line":78,"column":24},"end":{"line":78,"column":35}},"56":{"start":{"line":80,"column":20},"end":{"line":83,"column":35}},"57":{"start":{"line":81,"column":24},"end":{"line":81,"column":35}},"58":{"start":{"line":83,"column":24},"end":{"line":83,"column":35}},"59":{"start":{"line":84,"column":20},"end":{"line":85,"column":35}},"60":{"start":{"line":84,"column":33},"end":{"line":84,"column":34}},"61":{"start":{"line":85,"column":24},"end":{"line":85,"column":35}},"62":{"start":{"line":90,"column":8},"end":{"line":90,"column":19}},"63":{"start":{"line":94,"column":0},"end":{"line":94,"column":21}}},"fnMap":{"0":{"name":"(anonymous_0)","decl":{"start":{"line":2,"column":4},"end":{"line":2,"column":5}},"loc":{"start":{"line":2,"column":22},"end":{"line":12,"column":5}},"line":2},"1":{"name":"(anonymous_1)","decl":{"start":{"line":14,"column":4},"end":{"line":14,"column":5}},"loc":{"start":{"line":14,"column":16},"end":{"line":41,"column":5}},"line":14},"2":{"name":"(anonymous_2)","decl":{"start":{"line":44,"column":4},"end":{"line":44,"column":5}},"loc":{"start":{"line":44,"column":26},"end":{"line":91,"column":5}},"line":44}},"branchMap":{"0":{"loc":{"start":{"line":21,"column":12},"end":{"line":32,"column":13}},"type":"if","locations":[{"start":{"line":21,"column":12},"end":{"line":32,"column":13}},{"start":{"line":21,"column":12},"end":{"line":32,"column":13}}],"line":21},"1":{"loc":{"start":{"line":23,"column":16},"end":{"line":24,"column":30}},"type":"if","locations":[{"start":{"line":23,"column":16},"end":{"line":24,"column":30}},{"start":{"line":23,"column":16},"end":{"line":24,"column":30}}],"line":23},"2":{"loc":{"start":{"line":25,"column":19},"end":{"line":32,"column":13}},"type":"if","locations":[{"start":{"line":25,"column":19},"end":{"line":32,"column":13}},{"start":{"line":25,"column":19},"end":{"line":32,"column":13}}],"line":25},"3":{"loc":{"start":{"line":27,"column":16},"end":{"line":28,"column":30}},"type":"if","locations":[{"start":{"line":27,"column":16},"end":{"line":28,"column":30}},{"start":{"line":27,"column":16},"end":{"line":28,"column":30}}],"line":27},"4":{"loc":{"start":{"line":33,"column":12},"end":{"line":35,"column":13}},"type":"if","locations":[{"start":{"line":33,"column":12},"end":{"line":35,"column":13}},{"start":{"line":33,"column":12},"end":{"line":35,"column":13}}],"line":33},"5":{"loc":{"start":{"line":33,"column":16},"end":{"line":33,"column":112}},"type":"binary-expr","locations":[{"start":{"line":33,"column":16},"end":{"line":33,"column":36}},{"start":{"line":33,"column":40},"end":{"line":33,"column":60}},{"start":{"line":33,"column":64},"end":{"line":33,"column":86}},{"start":{"line":33,"column":90},"end":{"line":33,"column":112}}],"line":33},"6":{"loc":{"start":{"line":52,"column":8},"end":{"line":89,"column":7}},"type":"if","locations":[{"start":{"line":52,"column":8},"end":{"line":89,"column":7}},{"start":{"line":52,"column":8},"end":{"line":89,"column":7}}],"line":52},"7":{"loc":{"start":{"line":52,"column":11},"end":{"line":52,"column":52}},"type":"binary-expr","locations":[{"start":{"line":52,"column":11},"end":{"line":52,"column":30}},{"start":{"line":52,"column":34},"end":{"line":52,"column":52}}],"line":52},"8":{"loc":{"start":{"line":55,"column":8},"end":{"line":62,"column":9}},"type":"if","locations":[{"start":{"line":55,"column":8},"end":{"line":62,"column":9}},{"start":{"line":55,"column":8},"end":{"line":62,"column":9}}],"line":55},"9":{"loc":{"start":{"line":63,"column":8},"end":{"line":68,"column":9}},"type":"if","locations":[{"start":{"line":63,"column":8},"end":{"line":68,"column":9}},{"start":{"line":63,"column":8},"end":{"line":68,"column":9}}],"line":63},"10":{"loc":{"start":{"line":69,"column":8},"end":{"line":88,"column":9}},"type":"if","locations":[{"start":{"line":69,"column":8},"end":{"line":88,"column":9}},{"start":{"line":69,"column":8},"end":{"line":88,"column":9}}],"line":69},"11":{"loc":{"start":{"line":70,"column":12},"end":{"line":87,"column":13}},"type":"if","locations":[{"start":{"line":70,"column":12},"end":{"line":87,"column":13}},{"start":{"line":70,"column":12},"end":{"line":87,"column":13}}],"line":70},"12":{"loc":{"start":{"line":72,"column":16},"end":{"line":86,"column":17}},"type":"if","locations":[{"start":{"line":72,"column":16},"end":{"line":86,"column":17}},{"start":{"line":72,"column":16},"end":{"line":86,"column":17}}],"line":72},"13":{"loc":{"start":{"line":73,"column":20},"end":{"line":76,"column":35}},"type":"if","locations":[{"start":{"line":73,"column":20},"end":{"line":76,"column":35}},{"start":{"line":73,"column":20},"end":{"line":76,"column":35}}],"line":73},"14":{"loc":{"start":{"line":80,"column":20},"end":{"line":83,"column":35}},"type":"if","locations":[{"start":{"line":80,"column":20},"end":{"line":83,"column":35}},{"start":{"line":80,"column":20},"end":{"line":83,"column":35}}],"line":80}},"s":{"0":1,"1":1,"2":1,"3":1,"4":1,"5":1,"6":1,"7":1,"8":1,"9":2,"10":2,"11":2,"12":2,"13":2,"14":8,"15":2,"16":2,"17":1,"18":6,"19":1,"20":1,"21":1,"22":5,"23":5,"24":8,"25":1,"26":1,"27":3,"28":3,"29":3,"30":3,"31":3,"32":3,"33":1,"34":2,"35":1,"36":1,"37":1,"38":1,"39":1,"40":1,"41":2,"42":1,"43":1,"44":0,"45":1,"46":2,"47":2,"48":0,"49":2,"50":1,"51":0,"52":1,"53":1,"54":1,"55":0,"56":1,"57":1,"58":0,"59":1,"60":1,"61":1,"62":2,"63":1},"f":{"0":1,"1":2,"2":3},"b":{"0":[2,6],"1":[1,1],"2":[1,5],"3":[1,0],"4":[1,7],"5":[8,8,8,8],"6":[1,2],"7":[3,2],"8":[1,1],"9":[1,1],"10":[2,0],"11":[0,2],"12":[1,1],"13":[0,1],"14":[1,0]},"_coverageSchema":"1a1c01bbd47fc00a2c39e90264f33305004495a9","hash":"9b578db135b963489bd47af6086338a96a1fc523"}
}
