{"/home/ashok_singh/Desktop/BOT/Grid-Bot/bot.js": {"path":"/home/ashok_singh/Desktop/BOT/Grid-Bot/bot.js","statementMap":{"0":{"start":{"line":3,"column":8},"end":{"line":3,"column":19}},"1":{"start":{"line":4,"column":8},"end":{"line":4,"column":19}},"2":{"start":{"line":5,"column":8},"end":{"line":5,"column":31}},"3":{"start":{"line":6,"column":8},"end":{"line":6,"column":25}},"4":{"start":{"line":7,"column":8},"end":{"line":7,"column":25}},"5":{"start":{"line":8,"column":8},"end":{"line":8,"column":44}},"6":{"start":{"line":9,"column":8},"end":{"line":9,"column":44}},"7":{"start":{"line":10,"column":8},"end":{"line":10,"column":25}},"8":{"start":{"line":11,"column":8},"end":{"line":11,"column":25}},"9":{"start":{"line":16,"column":23},"end":{"line":16,"column":39}},"10":{"start":{"line":18,"column":8},"end":{"line":18,"column":28}},"11":{"start":{"line":19,"column":8},"end":{"line":19,"column":29}},"12":{"start":{"line":21,"column":8},"end":{"line":25,"column":26}},"13":{"start":{"line":22,"column":12},"end":{"line":22,"column":28}},"14":{"start":{"line":25,"column":12},"end":{"line":25,"column":26}},"15":{"start":{"line":30,"column":8},"end":{"line":30,"column":36}},"16":{"start":{"line":32,"column":26},"end":{"line":32,"column":38}},"17":{"start":{"line":33,"column":19},"end":{"line":33,"column":20}},"18":{"start":{"line":34,"column":8},"end":{"line":51,"column":9}},"19":{"start":{"line":34,"column":21},"end":{"line":34,"column":22}},"20":{"start":{"line":35,"column":12},"end":{"line":46,"column":13}},"21":{"start":{"line":36,"column":16},"end":{"line":36,"column":26}},"22":{"start":{"line":37,"column":16},"end":{"line":38,"column":30}},"23":{"start":{"line":38,"column":20},"end":{"line":38,"column":30}},"24":{"start":{"line":39,"column":19},"end":{"line":46,"column":13}},"25":{"start":{"line":40,"column":16},"end":{"line":40,"column":26}},"26":{"start":{"line":41,"column":16},"end":{"line":42,"column":30}},"27":{"start":{"line":42,"column":20},"end":{"line":42,"column":30}},"28":{"start":{"line":44,"column":16},"end":{"line":44,"column":52}},"29":{"start":{"line":45,"column":16},"end":{"line":45,"column":52}},"30":{"start":{"line":47,"column":12},"end":{"line":49,"column":13}},"31":{"start":{"line":48,"column":16},"end":{"line":48,"column":32}},"32":{"start":{"line":53,"column":8},"end":{"line":53,"column":32}},"33":{"start":{"line":60,"column":23},"end":{"line":60,"column":44}},"34":{"start":{"line":62,"column":20},"end":{"line":62,"column":31}},"35":{"start":{"line":63,"column":20},"end":{"line":63,"column":31}},"36":{"start":{"line":64,"column":18},"end":{"line":64,"column":20}},"37":{"start":{"line":65,"column":19},"end":{"line":65,"column":20}},"38":{"start":{"line":66,"column":8},"end":{"line":103,"column":9}},"39":{"start":{"line":67,"column":12},"end":{"line":67,"column":34}},"40":{"start":{"line":69,"column":12},"end":{"line":76,"column":13}},"41":{"start":{"line":70,"column":16},"end":{"line":70,"column":27}},"42":{"start":{"line":71,"column":16},"end":{"line":71,"column":25}},"43":{"start":{"line":72,"column":16},"end":{"line":74,"column":17}},"44":{"start":{"line":72,"column":29},"end":{"line":72,"column":30}},"45":{"start":{"line":73,"column":20},"end":{"line":73,"column":31}},"46":{"start":{"line":75,"column":16},"end":{"line":75,"column":31}},"47":{"start":{"line":77,"column":12},"end":{"line":82,"column":13}},"48":{"start":{"line":78,"column":16},"end":{"line":80,"column":17}},"49":{"start":{"line":78,"column":29},"end":{"line":78,"column":30}},"50":{"start":{"line":79,"column":20},"end":{"line":79,"column":31}},"51":{"start":{"line":81,"column":16},"end":{"line":81,"column":31}},"52":{"start":{"line":83,"column":12},"end":{"line":102,"column":13}},"53":{"start":{"line":84,"column":16},"end":{"line":101,"column":17}},"54":{"start":{"line":84,"column":37},"end":{"line":84,"column":48}},"55":{"start":{"line":86,"column":20},"end":{"line":100,"column":21}},"56":{"start":{"line":87,"column":24},"end":{"line":90,"column":39}},"57":{"start":{"line":88,"column":28},"end":{"line":88,"column":39}},"58":{"start":{"line":90,"column":28},"end":{"line":90,"column":39}},"59":{"start":{"line":91,"column":24},"end":{"line":92,"column":39}},"60":{"start":{"line":91,"column":37},"end":{"line":91,"column":38}},"61":{"start":{"line":92,"column":28},"end":{"line":92,"column":39}},"62":{"start":{"line":94,"column":24},"end":{"line":97,"column":39}},"63":{"start":{"line":95,"column":28},"end":{"line":95,"column":39}},"64":{"start":{"line":97,"column":28},"end":{"line":97,"column":39}},"65":{"start":{"line":98,"column":24},"end":{"line":99,"column":39}},"66":{"start":{"line":98,"column":37},"end":{"line":98,"column":38}},"67":{"start":{"line":99,"column":28},"end":{"line":99,"column":39}},"68":{"start":{"line":104,"column":8},"end":{"line":104,"column":19}},"69":{"start":{"line":108,"column":0},"end":{"line":108,"column":21}}},"fnMap":{"0":{"name":"(anonymous_0)","decl":{"start":{"line":2,"column":4},"end":{"line":2,"column":5}},"loc":{"start":{"line":2,"column":22},"end":{"line":12,"column":5}},"line":2},"1":{"name":"(anonymous_1)","decl":{"start":{"line":14,"column":2},"end":{"line":14,"column":3}},"loc":{"start":{"line":14,"column":21},"end":{"line":26,"column":7}},"line":14},"2":{"name":"(anonymous_2)","decl":{"start":{"line":28,"column":4},"end":{"line":28,"column":5}},"loc":{"start":{"line":28,"column":16},"end":{"line":55,"column":5}},"line":28},"3":{"name":"(anonymous_3)","decl":{"start":{"line":58,"column":4},"end":{"line":58,"column":5}},"loc":{"start":{"line":58,"column":26},"end":{"line":105,"column":5}},"line":58}},"branchMap":{"0":{"loc":{"start":{"line":21,"column":8},"end":{"line":25,"column":26}},"type":"if","locations":[{"start":{"line":21,"column":8},"end":{"line":25,"column":26}},{"start":{"line":21,"column":8},"end":{"line":25,"column":26}}],"line":21},"1":{"loc":{"start":{"line":21,"column":12},"end":{"line":21,"column":108}},"type":"binary-expr","locations":[{"start":{"line":21,"column":12},"end":{"line":21,"column":32}},{"start":{"line":21,"column":36},"end":{"line":21,"column":56}},{"start":{"line":21,"column":60},"end":{"line":21,"column":82}},{"start":{"line":21,"column":86},"end":{"line":21,"column":108}}],"line":21},"2":{"loc":{"start":{"line":35,"column":12},"end":{"line":46,"column":13}},"type":"if","locations":[{"start":{"line":35,"column":12},"end":{"line":46,"column":13}},{"start":{"line":35,"column":12},"end":{"line":46,"column":13}}],"line":35},"3":{"loc":{"start":{"line":37,"column":16},"end":{"line":38,"column":30}},"type":"if","locations":[{"start":{"line":37,"column":16},"end":{"line":38,"column":30}},{"start":{"line":37,"column":16},"end":{"line":38,"column":30}}],"line":37},"4":{"loc":{"start":{"line":39,"column":19},"end":{"line":46,"column":13}},"type":"if","locations":[{"start":{"line":39,"column":19},"end":{"line":46,"column":13}},{"start":{"line":39,"column":19},"end":{"line":46,"column":13}}],"line":39},"5":{"loc":{"start":{"line":41,"column":16},"end":{"line":42,"column":30}},"type":"if","locations":[{"start":{"line":41,"column":16},"end":{"line":42,"column":30}},{"start":{"line":41,"column":16},"end":{"line":42,"column":30}}],"line":41},"6":{"loc":{"start":{"line":47,"column":12},"end":{"line":49,"column":13}},"type":"if","locations":[{"start":{"line":47,"column":12},"end":{"line":49,"column":13}},{"start":{"line":47,"column":12},"end":{"line":49,"column":13}}],"line":47},"7":{"loc":{"start":{"line":47,"column":16},"end":{"line":47,"column":112}},"type":"binary-expr","locations":[{"start":{"line":47,"column":16},"end":{"line":47,"column":36}},{"start":{"line":47,"column":40},"end":{"line":47,"column":60}},{"start":{"line":47,"column":64},"end":{"line":47,"column":86}},{"start":{"line":47,"column":90},"end":{"line":47,"column":112}}],"line":47},"8":{"loc":{"start":{"line":66,"column":8},"end":{"line":103,"column":9}},"type":"if","locations":[{"start":{"line":66,"column":8},"end":{"line":103,"column":9}},{"start":{"line":66,"column":8},"end":{"line":103,"column":9}}],"line":66},"9":{"loc":{"start":{"line":66,"column":12},"end":{"line":66,"column":54}},"type":"binary-expr","locations":[{"start":{"line":66,"column":12},"end":{"line":66,"column":31}},{"start":{"line":66,"column":35},"end":{"line":66,"column":54}}],"line":66},"10":{"loc":{"start":{"line":69,"column":12},"end":{"line":76,"column":13}},"type":"if","locations":[{"start":{"line":69,"column":12},"end":{"line":76,"column":13}},{"start":{"line":69,"column":12},"end":{"line":76,"column":13}}],"line":69},"11":{"loc":{"start":{"line":77,"column":12},"end":{"line":82,"column":13}},"type":"if","locations":[{"start":{"line":77,"column":12},"end":{"line":82,"column":13}},{"start":{"line":77,"column":12},"end":{"line":82,"column":13}}],"line":77},"12":{"loc":{"start":{"line":83,"column":12},"end":{"line":102,"column":13}},"type":"if","locations":[{"start":{"line":83,"column":12},"end":{"line":102,"column":13}},{"start":{"line":83,"column":12},"end":{"line":102,"column":13}}],"line":83},"13":{"loc":{"start":{"line":84,"column":16},"end":{"line":101,"column":17}},"type":"if","locations":[{"start":{"line":84,"column":16},"end":{"line":101,"column":17}},{"start":{"line":84,"column":16},"end":{"line":101,"column":17}}],"line":84},"14":{"loc":{"start":{"line":86,"column":20},"end":{"line":100,"column":21}},"type":"if","locations":[{"start":{"line":86,"column":20},"end":{"line":100,"column":21}},{"start":{"line":86,"column":20},"end":{"line":100,"column":21}}],"line":86},"15":{"loc":{"start":{"line":87,"column":24},"end":{"line":90,"column":39}},"type":"if","locations":[{"start":{"line":87,"column":24},"end":{"line":90,"column":39}},{"start":{"line":87,"column":24},"end":{"line":90,"column":39}}],"line":87},"16":{"loc":{"start":{"line":94,"column":24},"end":{"line":97,"column":39}},"type":"if","locations":[{"start":{"line":94,"column":24},"end":{"line":97,"column":39}},{"start":{"line":94,"column":24},"end":{"line":97,"column":39}}],"line":94}},"s":{"0":1,"1":1,"2":1,"3":1,"4":1,"5":1,"6":1,"7":1,"8":1,"9":2,"10":2,"11":2,"12":2,"13":1,"14":1,"15":2,"16":2,"17":2,"18":2,"19":2,"20":8,"21":2,"22":2,"23":1,"24":6,"25":1,"26":1,"27":1,"28":5,"29":5,"30":8,"31":1,"32":1,"33":2,"34":2,"35":2,"36":2,"37":2,"38":2,"39":1,"40":1,"41":1,"42":1,"43":1,"44":1,"45":1,"46":1,"47":1,"48":0,"49":0,"50":0,"51":0,"52":1,"53":1,"54":0,"55":1,"56":0,"57":0,"58":0,"59":0,"60":0,"61":0,"62":1,"63":1,"64":0,"65":1,"66":1,"67":1,"68":1,"69":1},"f":{"0":1,"1":2,"2":2,"3":2},"b":{"0":[1,1],"1":[2,2,2,1],"2":[2,6],"3":[1,1],"4":[1,5],"5":[1,0],"6":[1,7],"7":[8,8,8,8],"8":[1,1],"9":[2,1],"10":[1,0],"11":[0,1],"12":[1,0],"13":[0,1],"14":[0,1],"15":[0,0],"16":[1,0]},"_coverageSchema":"1a1c01bbd47fc00a2c39e90264f33305004495a9","hash":"6a575bf1f94bc75cc9e13e0243504d4c81c7ae6e"}
}
