TN:
SF:bot.js
FN:2,(anonymous_0)
FN:14,(anonymous_1)
FN:28,(anonymous_2)
FN:58,(anonymous_3)
FNF:4
FNH:4
FNDA:1,(anonymous_0)
FNDA:2,(anonymous_1)
FNDA:2,(anonymous_2)
FNDA:2,(anonymous_3)
DA:3,1
DA:4,1
DA:5,1
DA:6,1
DA:7,1
DA:8,1
DA:9,1
DA:10,1
DA:11,1
DA:16,2
DA:18,2
DA:19,2
DA:21,2
DA:22,1
DA:25,1
DA:30,2
DA:32,2
DA:33,2
DA:34,2
DA:35,8
DA:36,2
DA:37,2
DA:38,1
DA:39,6
DA:40,1
DA:41,1
DA:42,1
DA:44,5
DA:45,5
DA:47,8
DA:48,1
DA:53,1
DA:60,2
DA:62,2
DA:63,2
DA:64,2
DA:65,2
DA:66,2
DA:67,1
DA:69,1
DA:70,1
DA:71,1
DA:72,1
DA:73,1
DA:75,1
DA:77,1
DA:78,0
DA:79,0
DA:81,0
DA:83,1
DA:84,1
DA:86,1
DA:87,0
DA:88,0
DA:90,0
DA:91,0
DA:92,0
DA:94,1
DA:95,1
DA:97,0
DA:98,1
DA:99,1
DA:104,1
DA:108,1
LF:64
LH:55
BRDA:21,0,0,1
BRDA:21,0,1,1
BRDA:21,1,0,2
BRDA:21,1,1,2
BRDA:21,1,2,2
BRDA:21,1,3,1
BRDA:35,2,0,2
BRDA:35,2,1,6
BRDA:37,3,0,1
BRDA:37,3,1,1
BRDA:39,4,0,1
BRDA:39,4,1,5
BRDA:41,5,0,1
BRDA:41,5,1,0
BRDA:47,6,0,1
BRDA:47,6,1,7
BRDA:47,7,0,8
BRDA:47,7,1,8
BRDA:47,7,2,8
BRDA:47,7,3,8
BRDA:66,8,0,1
BRDA:66,8,1,1
BRDA:66,9,0,2
BRDA:66,9,1,1
BRDA:69,10,0,1
BRDA:69,10,1,0
BRDA:77,11,0,0
BRDA:77,11,1,1
BRDA:83,12,0,1
BRDA:83,12,1,0
BRDA:84,13,0,0
BRDA:84,13,1,1
BRDA:86,14,0,0
BRDA:86,14,1,1
BRDA:87,15,0,0
BRDA:87,15,1,0
BRDA:94,16,0,1
BRDA:94,16,1,0
BRF:38
BRH:29
end_of_record
