TN:
SF:bot.js
FN:2,(anonymous_0)
FN:14,(anonymous_1)
FN:44,(anonymous_2)
FNF:3
FNH:3
FNDA:1,(anonymous_0)
FNDA:2,(anonymous_1)
FNDA:1,(anonymous_2)
DA:3,1
DA:4,1
DA:5,1
DA:6,1
DA:7,1
DA:8,1
DA:9,1
DA:10,1
DA:11,1
DA:16,2
DA:18,2
DA:19,2
DA:20,2
DA:21,8
DA:22,2
DA:23,2
DA:24,1
DA:25,6
DA:26,1
DA:27,1
DA:28,1
DA:30,5
DA:31,5
DA:33,8
DA:34,1
DA:39,1
DA:46,1
DA:48,1
DA:49,1
DA:50,1
DA:51,1
DA:52,1
DA:53,1
DA:54,1
DA:55,1
DA:56,1
DA:58,1
DA:60,1
DA:61,0
DA:62,0
DA:64,0
DA:66,1
DA:67,1
DA:69,1
DA:70,0
DA:71,0
DA:73,0
DA:74,0
DA:75,0
DA:77,1
DA:78,1
DA:80,0
DA:81,1
DA:82,1
DA:86,1
DA:90,1
LF:56
LH:47
BRDA:21,0,0,2
BRDA:21,0,1,6
BRDA:23,1,0,1
BRDA:23,1,1,1
BRDA:25,2,0,1
BRDA:25,2,1,5
BRDA:27,3,0,1
BRDA:27,3,1,0
BRDA:33,4,0,1
BRDA:33,4,1,7
BRDA:33,5,0,8
BRDA:33,5,1,8
BRDA:33,5,2,8
BRDA:33,5,3,8
BRDA:52,6,0,1
BRDA:52,6,1,0
BRDA:60,7,0,0
BRDA:60,7,1,1
BRDA:66,8,0,1
BRDA:66,8,1,0
BRDA:67,9,0,0
BRDA:67,9,1,1
BRDA:69,10,0,0
BRDA:69,10,1,1
BRDA:70,11,0,0
BRDA:70,11,1,0
BRDA:77,12,0,1
BRDA:77,12,1,0
BRF:28
BRH:19
end_of_record
